<?xml version="1.0" encoding="UTF-8"?>
<testng-results ignored="0" total="1" passed="1" failed="0" skipped="0">
  <reporter-output>
  </reporter-output>
  <suite started-at="2021-01-26T12:17:11 IST" name="Suite" finished-at="2021-01-26T12:18:43 IST" duration-ms="91638">
    <groups>
    </groups>
    <test started-at="2021-01-26T12:17:11 IST" name="Test" finished-at="2021-01-26T12:18:43 IST" duration-ms="91638">
      <class name="testingWithTestNG.TestClass">
        <test-method is-config="true" signature="BeforeTest()[pri:0, instance:testingWithTestNG.TestClass@117e949d]" started-at="2021-01-26T12:17:11 IST" name="BeforeTest" finished-at="2021-01-26T12:17:23 IST" duration-ms="11636" status="PASS">
          <reporter-output>
          </reporter-output>
        </test-method> <!-- BeforeTest -->
        <test-method signature="Shopping()[pri:0, instance:testingWithTestNG.TestClass@117e949d]" started-at="2021-01-26T12:17:23 IST" name="Shopping" finished-at="2021-01-26T12:18:42 IST" duration-ms="79897" status="PASS">
          <reporter-output>
          </reporter-output>
        </test-method> <!-- Shopping -->
        <test-method is-config="true" signature="AfterTest()[pri:0, instance:testingWithTestNG.TestClass@117e949d]" started-at="2021-01-26T12:18:42 IST" name="AfterTest" finished-at="2021-01-26T12:18:43 IST" duration-ms="71" status="PASS">
          <reporter-output>
          </reporter-output>
        </test-method> <!-- AfterTest -->
      </class> <!-- testingWithTestNG.TestClass -->
    </test> <!-- Test -->
  </suite> <!-- Suite -->
</testng-results>
