<?xml version="1.0" encoding="UTF-8"?>
<testng-results ignored="0" total="1" passed="1" failed="0" skipped="0">
  <reporter-output>
  </reporter-output>
  <suite started-at="2021-01-26T11:12:46 IST" name="Suite" finished-at="2021-01-26T11:14:20 IST" duration-ms="93778">
    <groups>
    </groups>
    <test started-at="2021-01-26T11:12:46 IST" name="Test" finished-at="2021-01-26T11:14:20 IST" duration-ms="93778">
      <class name="testingWithTestNG.TestClass">
        <test-method is-config="true" signature="BeforeTest()[pri:0, instance:testingWithTestNG.TestClass@4da4253]" started-at="2021-01-26T11:12:46 IST" name="BeforeTest" finished-at="2021-01-26T11:12:59 IST" duration-ms="12306" status="PASS">
          <reporter-output>
          </reporter-output>
        </test-method> <!-- BeforeTest -->
        <test-method signature="Shopping()[pri:0, instance:testingWithTestNG.TestClass@4da4253]" started-at="2021-01-26T11:12:59 IST" name="Shopping" finished-at="2021-01-26T11:14:20 IST" duration-ms="81354" status="PASS">
          <reporter-output>
          </reporter-output>
        </test-method> <!-- Shopping -->
        <test-method is-config="true" signature="AfterTest()[pri:0, instance:testingWithTestNG.TestClass@4da4253]" started-at="2021-01-26T11:14:20 IST" name="AfterTest" finished-at="2021-01-26T11:14:20 IST" duration-ms="52" status="PASS">
          <reporter-output>
          </reporter-output>
        </test-method> <!-- AfterTest -->
      </class> <!-- testingWithTestNG.TestClass -->
    </test> <!-- Test -->
  </suite> <!-- Suite -->
</testng-results>
